[35m[Appium][39m Available drivers:
[35m[Appium][39m   - uiautomator2@2.10.2 (automationName 'UiAutomator2')
[35m[Appium][39m No plugins have been installed. Use the "appium plugin" command to install the one(s) you want to use.
[35m[HTTP][39m [37m-->[39m [37mPOST[39m [37m/session[39m
[35m[HTTP][39m [90m{"capabilities":{"alwaysMatch":{"appium:platformName":"android","appium:udid":"1973df1","appium:automationName":"UIAutomator2","appium:app":"D:\\Learnings\\calc\\app\\android\\com.google.android.calculator.apk","appium:fullReset":false,"appium:noSign":true},"firstMatch":[{}]},"desiredCapabilities":{"appium:platformName":"android","appium:udid":"1973df1","appium:automationName":"UIAutomator2","appium:app":"D:\\Learnings\\calc\\app\\android\\com.google.android.calculator.apk","appium:fullReset":false,"appium:noSign":true}}[39m
[debug] [35m[AppiumDriver@b2b8][39m Calling AppiumDriver.createSession() with args: [{"appium:platformName":"android","appium:udid":"1973df1","appium:automationName":"UIAutomator2","appium:app":"D:\\Learnings\\calc\\app\\android\\com.google.android.calculator.apk","appium:fullReset":false,"appium:noSign":true},null,{"alwaysMatch":{"appium:platformName":"android","appium:udid":"1973df1","appium:automationName":"UIAutomator2","appium:app":"D:\\Learnings\\calc\\app\\android\\com.google.android.calculator.apk","appium:fullReset":false,"appium:noSign":true},"firstMatch":[{}]}]
[debug] [35m[AppiumDriver@b2b8][39m Event 'newSessionRequested' logged at 1667798566189 (00:22:46 GMT-0500 (Eastern Standard Time))
[35m[BaseDriver][39m The capabilities ["platformName"] are standard capabilities and do not require "appium:" prefix
[35m[Appium][39m Attempting to find matching driver for automationName 'UIAutomator2' and platformName 'android'
[35m[Appium][39m The 'uiautomator2' driver was installed and matched caps.
[35m[Appium][39m Will require it at D:\Learnings\calc\node_modules\appium-uiautomator2-driver
[debug] [35m[Appium][39m Requiring driver at D:\Learnings\calc\node_modules\appium-uiautomator2-driver
[35m[AppiumDriver@b2b8][39m Appium v2.0.0-beta.46 creating new AndroidUiautomator2Driver (v2.10.2) session
[35m[AppiumDriver@b2b8][39m Checking BaseDriver versions for Appium and AndroidUiautomator2Driver
[35m[AppiumDriver@b2b8][39m Appium's BaseDriver version is 8.7.3
[35m[AppiumDriver@b2b8][39m AndroidUiautomator2Driver's BaseDriver version is 8.7.3
[debug] [35m[AndroidUiautomator2Driver@79fa][39m Creating session with W3C capabilities: {
[debug] [35m[AndroidUiautomator2Driver@79fa][39m   "alwaysMatch": {
[debug] [35m[AndroidUiautomator2Driver@79fa][39m     "platformName": "android",
[debug] [35m[AndroidUiautomator2Driver@79fa][39m     "appium:udid": "1973df1",
[debug] [35m[AndroidUiautomator2Driver@79fa][39m     "appium:automationName": "UIAutomator2",
[debug] [35m[AndroidUiautomator2Driver@79fa][39m     "appium:app": "D:\\Learnings\\calc\\app\\android\\com.google.android.calculator.apk",
[debug] [35m[AndroidUiautomator2Driver@79fa][39m     "appium:fullReset": false,
[debug] [35m[AndroidUiautomator2Driver@79fa][39m     "appium:noSign": true
[debug] [35m[AndroidUiautomator2Driver@79fa][39m   },
[debug] [35m[AndroidUiautomator2Driver@79fa][39m   "firstMatch": [
[debug] [35m[AndroidUiautomator2Driver@79fa][39m     {}
[debug] [35m[AndroidUiautomator2Driver@79fa][39m   ]
[debug] [35m[AndroidUiautomator2Driver@79fa][39m }
[35m[AndroidUiautomator2Driver@79fa (b9364bc5)][39m Session created with session id: b9364bc5-ce08-4d4d-b7fd-7a11071fa564
[35m[BaseDriver][39m Using local app 'D:\Learnings\calc\app\android\com.google.android.calculator.apk'
[debug] [35m[AndroidUiautomator2Driver@79fa (b9364bc5)][39m Checking whether app is actually present
[35m[ADB][39m Found 1 'build-tools' folders under 'C:\Users\Ganesh\AppData\Local\Android\Sdk\' (newest first):
[35m[ADB][39m     C:/Users/Ganesh/AppData/Local/Android/Sdk/build-tools/33.0.0
[35m[ADB][39m Using 'adb.exe' from 'C:\Users\Ganesh\AppData\Local\Android\Sdk\platform-tools\adb.exe'
[debug] [35m[ADB][39m Running 'C:\Users\Ganesh\AppData\Local\Android\Sdk\platform-tools\adb.exe -P 5037 start-server'
[35m[AndroidDriver][39m Retrieving device list
[debug] [35m[ADB][39m Trying to find a connected android device
[debug] [35m[ADB][39m Getting connected devices
[debug] [35m[ADB][39m Connected devices: [{"udid":"1973df1","state":"device"}]
[35m[AndroidDriver][39m Using device: 1973df1
[35m[ADB][39m Using 'adb.exe' from 'C:\Users\Ganesh\AppData\Local\Android\Sdk\platform-tools\adb.exe'
[debug] [35m[ADB][39m Running 'C:\Users\Ganesh\AppData\Local\Android\Sdk\platform-tools\adb.exe -P 5037 start-server'
[debug] [35m[ADB][39m Setting device id to 1973df1
[debug] [35m[ADB][39m Running 'C:\Users\Ganesh\AppData\Local\Android\Sdk\platform-tools\adb.exe -P 5037 -s 1973df1 shell getprop ro.build.version.sdk'
[debug] [35m[ADB][39m Current device property 'ro.build.version.sdk': 30
[35m[ADB][39m Getting device platform version
[debug] [35m[ADB][39m Running 'C:\Users\Ganesh\AppData\Local\Android\Sdk\platform-tools\adb.exe -P 5037 -s 1973df1 shell getprop ro.build.version.release'
[debug] [35m[ADB][39m Current device property 'ro.build.version.release': 11
[debug] [35m[ADB][39m Device API level: 30
[35m[AndroidUiautomator2Driver@79fa (b9364bc5)][39m Relaxing hidden api policy
[debug] [35m[ADB][39m Running 'C:\Users\Ganesh\AppData\Local\Android\Sdk\platform-tools\adb.exe -P 5037 -s 1973df1 shell 'settings put global hidden_api_policy_pre_p_apps 1;settings put global hidden_api_policy_p_apps 1;settings put global hidden_api_policy 1''
[debug] [35m[AndroidDriver][39m Parsing package and activity from app manifest
[35m[ADB][39m Package name: 'com.google.android.calculator'
[35m[ADB][39m Main activity name: 'com.android.calculator2.Calculator'
[debug] [35m[AndroidDriver][39m Parsed package and activity are: com.google.android.calculator/com.android.calculator2.Calculator
[debug] [35m[ADB][39m Running 'C:\Users\Ganesh\AppData\Local\Android\Sdk\platform-tools\adb.exe -P 5037 -s 1973df1 wait-for-device'
[debug] [35m[ADB][39m Running 'C:\Users\Ganesh\AppData\Local\Android\Sdk\platform-tools\adb.exe -P 5037 -s 1973df1 shell echo ping'
[debug] [35m[AndroidDriver][39m Pushing settings apk to device...
[debug] [35m[ADB][39m Getting install status for io.appium.settings
[debug] [35m[ADB][39m Running 'C:\Users\Ganesh\AppData\Local\Android\Sdk\platform-tools\adb.exe -P 5037 -s 1973df1 shell dumpsys package io.appium.settings'
[debug] [35m[ADB][39m 'io.appium.settings' is installed
[debug] [35m[ADB][39m Getting package info for 'io.appium.settings'
[debug] [35m[ADB][39m Running 'C:\Users\Ganesh\AppData\Local\Android\Sdk\platform-tools\adb.exe -P 5037 -s 1973df1 shell dumpsys package io.appium.settings'
[debug] [35m[ADB][39m The version name of the installed 'io.appium.settings' is greater or equal to the application version name ('4.2.3' >= '4.2.3')
[debug] [35m[ADB][39m There is no need to install/upgrade 'D:\Learnings\calc\node_modules\appium-uiautomator2-driver\node_modules\io.appium.settings\apks\settings_apk-debug.apk'
[debug] [35m[ADB][39m Getting IDs of all 'io.appium.settings' processes
[debug] [35m[ADB][39m Running 'C:\Users\Ganesh\AppData\Local\Android\Sdk\platform-tools\adb.exe -P 5037 -s 1973df1 shell 'pgrep --help; echo $?''
[debug] [35m[ADB][39m Running 'C:\Users\Ganesh\AppData\Local\Android\Sdk\platform-tools\adb.exe -P 5037 -s 1973df1 shell pgrep -f \(\[\[:blank:\]\]\|\^\)io\.appium\.settings\(\[\[:blank:\]\]\|\$\)'
[debug] [35m[AndroidDriver][39m io.appium.settings is already running. There is no need to reset its permissions.
[debug] [35m[ADB][39m Running 'C:\Users\Ganesh\AppData\Local\Android\Sdk\platform-tools\adb.exe -P 5037 -s 1973df1 shell appops set io.appium.settings android:mock_location allow'
[debug] [35m[ADB][39m Running 'C:\Users\Ganesh\AppData\Local\Android\Sdk\platform-tools\adb.exe -P 5037 -s 1973df1 shell "[ -e '/data/local/tmp/mock_apps.json' ] && echo __PASS__"'
[35m[AndroidDriver][39m Unable to persist mock location app id 'io.appium.settings': adb.pushFile is not a function
[debug] [35m[Logcat][39m Starting logs capture with command: C:\\Users\\Ganesh\\AppData\\Local\\Android\\Sdk\\platform-tools\\adb.exe -P 5037 -s 1973df1 logcat -v threadtime
[debug] [35m[AndroidUiautomator2Driver@79fa (b9364bc5)][39m Forwarding UiAutomator2 Server port 6790 to local port 8200
[debug] [35m[ADB][39m Forwarding system: 8200 to device: 6790
[debug] [35m[ADB][39m Running 'C:\Users\Ganesh\AppData\Local\Android\Sdk\platform-tools\adb.exe -P 5037 -s 1973df1 forward tcp:8200 tcp:6790'
[debug] [35m[ADB][39m Getting install status for io.appium.uiautomator2.server
[debug] [35m[ADB][39m Running 'C:\Users\Ganesh\AppData\Local\Android\Sdk\platform-tools\adb.exe -P 5037 -s 1973df1 shell dumpsys package io.appium.uiautomator2.server'
[debug] [35m[ADB][39m 'io.appium.uiautomator2.server' is installed
[debug] [35m[ADB][39m Getting package info for 'io.appium.uiautomator2.server'
[debug] [35m[ADB][39m Running 'C:\Users\Ganesh\AppData\Local\Android\Sdk\platform-tools\adb.exe -P 5037 -s 1973df1 shell dumpsys package io.appium.uiautomator2.server'
[debug] [35m[ADB][39m The version name of the installed 'io.appium.uiautomator2.server' is greater or equal to the application version name ('5.7.4' >= '5.7.4')
[debug] [35m[AndroidUiautomator2Driver@79fa (b9364bc5)][39m io.appium.uiautomator2.server installation state: sameVersionInstalled
[debug] [35m[ADB][39m Checking app cert for D:\Learnings\calc\node_modules\appium-uiautomator2-driver\node_modules\appium-uiautomator2-server\apks\appium-uiautomator2-server-v5.7.4.apk
[35m[ADB][39m Using 'apksigner.jar' from 'C:\Users\Ganesh\AppData\Local\Android\Sdk\build-tools\33.0.0\lib\apksigner.jar'
[debug] [35m[ADB][39m Starting apksigner: P:\\Android\\Jdk\\jdk-17.0.1\\bin\\java.exe -Xmx1024M -Xss1m -jar C:\\Users\\Ganesh\\AppData\\Local\\Android\\Sdk\\build-tools\\33.0.0\\lib\\apksigner.jar verify --print-certs D:\\Learnings\\calc\\node_modules\\appium-uiautomator2-driver\\node_modules\\appium-uiautomator2-server\\apks\\appium-uiautomator2-server-v5.7.4.apk
[debug] [35m[ADB][39m apksigner stdout: Signer #1 certificate DN: EMAILADDRESS=android@android.com, CN=Android, OU=Android, O=Android, L=Mountain View, ST=California, C=US
[debug] [35m[ADB][39m Signer #1 certificate SHA-256 digest: a40da80a59d170caa950cf15c18c454d47a39b26989d8b640ecd745ba71bf5dc
[debug] [35m[ADB][39m Signer #1 certificate SHA-1 digest: 61ed377e85d386a8dfee6b864bd85b0bfaa5af81
[debug] [35m[ADB][39m Signer #1 certificate MD5 digest: e89b158e4bcf988ebd09eb83f5378e87
[debug] [35m[ADB][39m 
[debug] [35m[ADB][39m sha256 hash did match for 'appium-uiautomator2-server-v5.7.4.apk'
[35m[ADB][39m 'D:\Learnings\calc\node_modules\appium-uiautomator2-driver\node_modules\appium-uiautomator2-server\apks\appium-uiautomator2-server-v5.7.4.apk' is signed with the default certificate
[debug] [35m[ADB][39m Getting install status for io.appium.uiautomator2.server.test
[debug] [35m[ADB][39m Running 'C:\Users\Ganesh\AppData\Local\Android\Sdk\platform-tools\adb.exe -P 5037 -s 1973df1 shell dumpsys package io.appium.uiautomator2.server.test'
[debug] [35m[ADB][39m 'io.appium.uiautomator2.server.test' is installed
[debug] [35m[ADB][39m Checking app cert for D:\Learnings\calc\node_modules\appium-uiautomator2-driver\node_modules\appium-uiautomator2-server\apks\appium-uiautomator2-server-debug-androidTest.apk
[debug] [35m[ADB][39m Starting apksigner: P:\\Android\\Jdk\\jdk-17.0.1\\bin\\java.exe -Xmx1024M -Xss1m -jar C:\\Users\\Ganesh\\AppData\\Local\\Android\\Sdk\\build-tools\\33.0.0\\lib\\apksigner.jar verify --print-certs D:\\Learnings\\calc\\node_modules\\appium-uiautomator2-driver\\node_modules\\appium-uiautomator2-server\\apks\\appium-uiautomator2-server-debug-androidTest.apk
[debug] [35m[ADB][39m apksigner stdout: Signer #1 certificate DN: EMAILADDRESS=android@android.com, CN=Android, OU=Android, O=Android, L=Mountain View, ST=California, C=US
[debug] [35m[ADB][39m Signer #1 certificate SHA-256 digest: a40da80a59d170caa950cf15c18c454d47a39b26989d8b640ecd745ba71bf5dc
[debug] [35m[ADB][39m Signer #1 certificate SHA-1 digest: 61ed377e85d386a8dfee6b864bd85b0bfaa5af81
[debug] [35m[ADB][39m Signer #1 certificate MD5 digest: e89b158e4bcf988ebd09eb83f5378e87
[debug] [35m[ADB][39m 
[debug] [35m[ADB][39m sha256 hash did match for 'appium-uiautomator2-server-debug-androidTest.apk'
[35m[ADB][39m 'D:\Learnings\calc\node_modules\appium-uiautomator2-driver\node_modules\appium-uiautomator2-server\apks\appium-uiautomator2-server-debug-androidTest.apk' is signed with the default certificate
[35m[AndroidUiautomator2Driver@79fa (b9364bc5)][39m Server packages are not going to be (re)installed
[debug] [35m[AndroidUiautomator2Driver@79fa (b9364bc5)][39m Waiting up to 30000ms for services to be available
[debug] [35m[ADB][39m Running 'C:\Users\Ganesh\AppData\Local\Android\Sdk\platform-tools\adb.exe -P 5037 -s 1973df1 shell pm list instrumentation'
[debug] [35m[AndroidUiautomator2Driver@79fa (b9364bc5)][39m Instrumentation target 'io.appium.uiautomator2.server.test/androidx.test.runner.AndroidJUnitRunner' is available
[35m[ADB][39m Adding packages ["io.appium.settings","io.appium.uiautomator2.server","io.appium.uiautomator2.server.test"] to Doze whitelist
[debug] [35m[ADB][39m Got the following command chunks to execute: [["dumpsys","deviceidle","whitelist","+io.appium.settings",";","dumpsys","deviceidle","whitelist","+io.appium.uiautomator2.server",";","dumpsys","deviceidle","whitelist","+io.appium.uiautomator2.server.test",";"]]
[debug] [35m[ADB][39m Running 'C:\Users\Ganesh\AppData\Local\Android\Sdk\platform-tools\adb.exe -P 5037 -s 1973df1 shell dumpsys deviceidle whitelist +io.appium.settings ; dumpsys deviceidle whitelist +io.appium.uiautomator2.server ; dumpsys deviceidle whitelist +io.appium.uiautomator2.server.test ;'
[debug] [35m[ADB][39m Getting install status for com.google.android.calculator
[debug] [35m[ADB][39m Running 'C:\Users\Ganesh\AppData\Local\Android\Sdk\platform-tools\adb.exe -P 5037 -s 1973df1 shell dumpsys package com.google.android.calculator'
[debug] [35m[ADB][39m 'com.google.android.calculator' is installed
[debug] [35m[ADB][39m Getting package info for 'com.google.android.calculator'
[debug] [35m[ADB][39m Running 'C:\Users\Ganesh\AppData\Local\Android\Sdk\platform-tools\adb.exe -P 5037 -s 1973df1 shell dumpsys package com.google.android.calculator'
[debug] [35m[ADB][39m The version name of the installed 'com.google.android.calculator' is greater or equal to the application version name ('8.3.0' >= '8.3.0')
[debug] [35m[ADB][39m There is no need to install/upgrade 'D:\Learnings\calc\app\android\com.google.android.calculator.apk'
[35m[AndroidDriver][39m Performing fast reset on 'com.google.android.calculator'
[debug] [35m[ADB][39m Getting install status for com.google.android.calculator
[debug] [35m[ADB][39m Running 'C:\Users\Ganesh\AppData\Local\Android\Sdk\platform-tools\adb.exe -P 5037 -s 1973df1 shell dumpsys package com.google.android.calculator'
[debug] [35m[ADB][39m 'com.google.android.calculator' is installed
[debug] [35m[ADB][39m Running 'C:\Users\Ganesh\AppData\Local\Android\Sdk\platform-tools\adb.exe -P 5037 -s 1973df1 shell am force-stop com.google.android.calculator'
[debug] [35m[ADB][39m Running 'C:\Users\Ganesh\AppData\Local\Android\Sdk\platform-tools\adb.exe -P 5037 -s 1973df1 shell pm clear com.google.android.calculator'
[debug] [35m[AndroidDriver][39m Performed fast reset on the installed 'com.google.android.calculator' application (stop and clear)
[debug] [35m[AndroidUiautomator2Driver@79fa (b9364bc5)][39m Performing shallow cleanup of automation leftovers
[debug] [35m[AndroidUiautomator2Driver@79fa (b9364bc5)][39m No obsolete sessions have been detected (socket hang up)
[debug] [35m[ADB][39m Running 'C:\Users\Ganesh\AppData\Local\Android\Sdk\platform-tools\adb.exe -P 5037 -s 1973df1 shell am force-stop io.appium.uiautomator2.server.test'
[35m[AndroidUiautomator2Driver@79fa (b9364bc5)][39m Starting UIAutomator2 server 5.7.4
[35m[AndroidUiautomator2Driver@79fa (b9364bc5)][39m Using UIAutomator2 server from 'D:\Learnings\calc\node_modules\appium-uiautomator2-driver\node_modules\appium-uiautomator2-server\apks\appium-uiautomator2-server-v5.7.4.apk' and test from 'D:\Learnings\calc\node_modules\appium-uiautomator2-driver\node_modules\appium-uiautomator2-server\apks\appium-uiautomator2-server-debug-androidTest.apk'
[35m[AndroidUiautomator2Driver@79fa (b9364bc5)][39m Waiting up to 30000ms for UiAutomator2 to be online...
[debug] [35m[ADB][39m Creating ADB subprocess with args: ["-P",5037,"-s","1973df1","shell","am","instrument","-w","-e","disableAnalytics",true,"io.appium.uiautomator2.server.test/androidx.test.runner.AndroidJUnitRunner"]
[debug] [35m[AndroidUiautomator2Driver@79fa (b9364bc5)][39m Matched '/status' to command name 'getStatus'
[debug] [35m[AndroidUiautomator2Driver@79fa (b9364bc5)][39m Proxying [GET /status] to [GET http://127.0.0.1:8200/status] with no body
[35m[AndroidUiautomator2Driver@79fa (b9364bc5)][39m socket hang up
[debug] [35m[AndroidUiautomator2Driver@79fa (b9364bc5)][39m Matched '/status' to command name 'getStatus'
[debug] [35m[AndroidUiautomator2Driver@79fa (b9364bc5)][39m Proxying [GET /status] to [GET http://127.0.0.1:8200/status] with no body
[35m[AndroidUiautomator2Driver@79fa (b9364bc5)][39m socket hang up
[debug] [35m[Instrumentation][39m io.appium.uiautomator2.server.test.AppiumUiAutomator2Server:
[debug] [35m[AndroidUiautomator2Driver@79fa (b9364bc5)][39m Matched '/status' to command name 'getStatus'
[debug] [35m[AndroidUiautomator2Driver@79fa (b9364bc5)][39m Proxying [GET /status] to [GET http://127.0.0.1:8200/status] with no body
[35m[AndroidUiautomator2Driver@79fa (b9364bc5)][39m socket hang up
[debug] [35m[AndroidUiautomator2Driver@79fa (b9364bc5)][39m Matched '/status' to command name 'getStatus'
[debug] [35m[AndroidUiautomator2Driver@79fa (b9364bc5)][39m Proxying [GET /status] to [GET http://127.0.0.1:8200/status] with no body
[debug] [35m[AndroidUiautomator2Driver@79fa (b9364bc5)][39m Got response with status 200: {"sessionId":"None","value":{"message":"UiAutomator2 Server is ready to accept commands","ready":true}}
[debug] [35m[AndroidUiautomator2Driver@79fa (b9364bc5)][39m The initialization of the instrumentation process took 3163ms
[debug] [35m[AndroidUiautomator2Driver@79fa (b9364bc5)][39m Matched '/session' to command name 'createSession'
[debug] [35m[AndroidUiautomator2Driver@79fa (b9364bc5)][39m Proxying [POST /session] to [POST http://127.0.0.1:8200/session] with body: {"capabilities":{"firstMatch":[{"platform":"LINUX","webStorageEnabled":false,"takesScreenshot":true,"javascriptEnabled":true,"databaseEnabled":false,"networkConnectionEnabled":true,"locationContextEnabled":false,"warnings":{},"desired":{"platformName":"android","udid":"1973df1","automationName":"UIAutomator2","app":"D:\\Learnings\\calc\\app\\android\\com.google.android.calculator.apk","fullReset":false,"noSign":true},"platformName":"android","udid":"1973df1","automationName":"UIAutomator2","app":"D:\\Learnings\\calc\\app\\android\\com.google.android.calculator.apk","fullReset":false,"noSign":true,"deviceName":"1973df1","deviceUDID":"1973df1","appPackage":"com.google.android.calculator"}],"alwaysMatch":{}}}
[debug] [35m[AndroidUiautomator2Driver@79fa (b9364bc5)][39m Got response with status 200: {"sessionId":"dbe746fc-a0d3-45a4-9395-bba4d8bcd4b8","value":{"capabilities":{"firstMatch":[{"platform":"LINUX","webStorageEnabled":false,"takesScreenshot":true,"javascriptEnabled":true,"databaseEnabled":false,"networkConnectionEnabled":true,"locationContextEnabled":false,"warnings":{},"desired":{"platformName":"android","udid":"1973df1","automationName":"UIAutomator2","app":"D:\\Learnings\\calc\\app\\android\\com.google.android.calculator.apk","fullReset":false,"noSign":true},"platformName":"android","udid":"1973df1","automationName":"UIAutomator2","app":"D:\\Learnings\\calc\\app\\android\\com.google.android.calculator.apk","fullReset":false,"noSign":true,"deviceName":"1973df1","deviceUDID":"1973df1","appPackage":"com.google.android.calculator"}],"alwaysMatch":{}},"sessionId":"dbe746fc-a0d3-45a4-9395-bba4d8bcd4b8"}}
[35m[AndroidUiautomator2Driver@79fa (b9364bc5)][39m Determined the downstream protocol as 'W3C'
[debug] [35m[AndroidUiautomator2Driver@79fa (b9364bc5)][39m Proxying [GET /appium/device/info] to [GET http://127.0.0.1:8200/session/dbe746fc-a0d3-45a4-9395-bba4d8bcd4b8/appium/device/info] with no body
[debug] [35m[AndroidUiautomator2Driver@79fa (b9364bc5)][39m Got response with status 200: {"sessionId":"dbe746fc-a0d3-45a4-9395-bba4d8bcd4b8","value":{"androidId":"05fa0347bd8fc7a0","apiVersion":"30","bluetooth":{"state":"OFF"},"brand":"Realme","carrierName":"VIRGIN","displayDensity":408,"locale":"en_US","manufacturer":"Realme","model":"RMX1901","networks":[{"capabilities":{"SSID":null,"linkDownBandwidthKbps":132000,"linkUpstreamBandwidthKbps":87120,"networkCapabilities":"NET_CAPABILITY_NOT_METERED,NET_CAPABILITY_INTERNET,NET_CAPABILITY_NOT_RESTRICTED,NET_CAPABILITY_TRUSTED,NET_CAPABILITY_NOT_VPN,NET_CAPABILITY_VALIDATED,NET_CAPABILITY_NOT_ROAMING,NET_CAPABILITY_FOREGROUND,NET_CAPABILITY_NOT_CONGESTED,NET_CAPABILITY_NOT_SUSPENDED","signalStrength":-49,"transportTypes":"TRANSPORT_WIFI"},"detailedState":"CONNECTED","extraInfo":"","isAvailable":true,"isConnected":true,"isFailover":false,"isRoaming":false,"state":"CONNECTED","subtype":0,"subtypeName":"","type":1,"typeName":"WIFI"}],"platformVersion":"11","realDisplaySize":"1080x2340","timeZone":"America/Toronto"}}
[debug] [35m[ADB][39m Running 'C:\Users\Ganesh\AppData\Local\Android\Sdk\platform-tools\adb.exe -P 5037 -s 1973df1 shell dumpsys window'
[35m[AndroidDriver][39m Screen already unlocked, doing nothing
[35m[AndroidUiautomator2Driver@79fa (b9364bc5)][39m Starting 'com.google.android.calculator/com.android.calculator2.Calculator and waiting for 'com.google.android.calculator/com.android.calculator2.Calculator'
[debug] [35m[ADB][39m Running 'C:\Users\Ganesh\AppData\Local\Android\Sdk\platform-tools\adb.exe -P 5037 -s 1973df1 shell am start -W -n com.google.android.calculator/com.android.calculator2.Calculator -S -a android.intent.action.MAIN -c android.intent.category.LAUNCHER -f 0x10200000'
[debug] [35m[ADB][39m Waiting up to 20000ms for activity matching pkg: 'com.google.android.calculator' and activity: 'com.android.calculator2.Calculator' to be focused
[debug] [35m[ADB][39m Possible activities, to be checked: 'com.android.calculator2.Calculator', 'com.google.android.calculator.com.android.calculator2.Calculator'
[debug] [35m[ADB][39m Getting focused package and activity
[debug] [35m[ADB][39m Running 'C:\Users\Ganesh\AppData\Local\Android\Sdk\platform-tools\adb.exe -P 5037 -s 1973df1 shell dumpsys window displays'
[debug] [35m[ADB][39m Found package: 'com.google.android.calculator' and fully qualified activity name : 'com.android.calculator2.Calculator'
[debug] [35m[AndroidUiautomator2Driver@79fa (b9364bc5)][39m Proxying [GET /appium/device/pixel_ratio] to [GET http://127.0.0.1:8200/session/dbe746fc-a0d3-45a4-9395-bba4d8bcd4b8/appium/device/pixel_ratio] with no body
[debug] [35m[AndroidUiautomator2Driver@79fa (b9364bc5)][39m Got response with status 200: {"sessionId":"dbe746fc-a0d3-45a4-9395-bba4d8bcd4b8","value":2.55}
[debug] [35m[AndroidUiautomator2Driver@79fa (b9364bc5)][39m Matched '/appium/device/system_bars' to command name 'getSystemBars'
[debug] [35m[AndroidUiautomator2Driver@79fa (b9364bc5)][39m Proxying [GET /appium/device/system_bars] to [GET http://127.0.0.1:8200/session/dbe746fc-a0d3-45a4-9395-bba4d8bcd4b8/appium/device/system_bars] with no body
[debug] [35m[AndroidUiautomator2Driver@79fa (b9364bc5)][39m Got response with status 200: {"sessionId":"dbe746fc-a0d3-45a4-9395-bba4d8bcd4b8","value":{"statusBar":71}}
[debug] [35m[AndroidUiautomator2Driver@79fa (b9364bc5)][39m Matched '/window/current/size' to command name 'getWindowSize'
[debug] [35m[AndroidUiautomator2Driver@79fa (b9364bc5)][39m Proxying [GET /window/current/size] to [GET http://127.0.0.1:8200/session/dbe746fc-a0d3-45a4-9395-bba4d8bcd4b8/window/current/size] with no body
[debug] [35m[AndroidUiautomator2Driver@79fa (b9364bc5)][39m Got response with status 200: {"sessionId":"dbe746fc-a0d3-45a4-9395-bba4d8bcd4b8","value":{"height":2228,"width":1080}}
[35m[AppiumDriver@b2b8][39m New AndroidUiautomator2Driver session created successfully, session b9364bc5-ce08-4d4d-b7fd-7a11071fa564 added to master session list
[debug] [35m[AppiumDriver@b2b8][39m Event 'newSessionStarted' logged at 1667798586609 (00:23:06 GMT-0500 (Eastern Standard Time))
[debug] [35m[AndroidUiautomator2Driver@79fa (b9364bc5)][39m Cached the protocol value 'W3C' for the new session b9364bc5-ce08-4d4d-b7fd-7a11071fa564
[debug] [35m[AndroidUiautomator2Driver@79fa (b9364bc5)][39m Responding to client with driver.createSession() result: {"capabilities":{"platform":"LINUX","webStorageEnabled":false,"takesScreenshot":true,"javascriptEnabled":true,"databaseEnabled":false,"networkConnectionEnabled":true,"locationContextEnabled":false,"warnings":{},"desired":{"platformName":"android","udid":"1973df1","automationName":"UIAutomator2","app":"D:\\Learnings\\calc\\app\\android\\com.google.android.calculator.apk","fullReset":false,"noSign":true},"platformName":"android","udid":"1973df1","automationName":"UIAutomator2","app":"D:\\Learnings\\calc\\app\\android\\com.google.android.calculator.apk","fullReset":false,"noSign":true,"deviceName":"1973df1","deviceUDID":"1973df1","appPackage":"com.google.android.calculator","deviceApiLevel":30,"platformVersion":"11","deviceScreenSize":"1080x2340","deviceScreenDensity":408,"deviceModel":"RMX1901","deviceManufacturer":"Realme","pixelRatio":2.55,"statBarHeight":71,"viewportRect":{"left":0,"top":71,"width":1080,"height":2157}}}
[35m[HTTP][39m [37m<-- POST /session [39m[32m200[39m [90m20430 ms - 995[39m
[35m[HTTP][39m [90m[39m
[35m[HTTP][39m [37m-->[39m [37mPOST[39m [37m/session/b9364bc5-ce08-4d4d-b7fd-7a11071fa564/element[39m
[35m[HTTP][39m [90m{"using":"xpath","value":"//android.widget.ImageButton[@content-desc='1']"}[39m
[debug] [35m[AndroidUiautomator2Driver@79fa (b9364bc5)][39m Calling AppiumDriver.findElement() with args: ["xpath","//android.widget.ImageButton[@content-desc='1']","b9364bc5-ce08-4d4d-b7fd-7a11071fa564"]
[debug] [35m[AndroidUiautomator2Driver@79fa (b9364bc5)][39m Valid locator strategies for this request: xpath, id, class name, accessibility id, css selector, -android uiautomator
[debug] [35m[AndroidUiautomator2Driver@79fa (b9364bc5)][39m Waiting up to 0 ms for condition
[debug] [35m[AndroidUiautomator2Driver@79fa (b9364bc5)][39m Matched '/element' to command name 'findElement'
[debug] [35m[AndroidUiautomator2Driver@79fa (b9364bc5)][39m Proxying [POST /element] to [POST http://127.0.0.1:8200/session/dbe746fc-a0d3-45a4-9395-bba4d8bcd4b8/element] with body: {"strategy":"xpath","selector":"//android.widget.ImageButton[@content-desc='1']","context":"","multiple":false}
[35m[HTTP][39m [37m-->[39m [37mPOST[39m [37m/session/b9364bc5-ce08-4d4d-b7fd-7a11071fa564/element[39m
[35m[HTTP][39m [90m{"using":"accessibility id","value":"No result"}[39m
[debug] [35m[AndroidUiautomator2Driver@79fa (b9364bc5)][39m Calling AppiumDriver.findElement() with args: ["accessibility id","No result","b9364bc5-ce08-4d4d-b7fd-7a11071fa564"]
[debug] [35m[AndroidUiautomator2Driver@79fa (b9364bc5)][39m Got response with status 200: {"sessionId":"dbe746fc-a0d3-45a4-9395-bba4d8bcd4b8","value":{"ELEMENT":"00000000-0000-0182-ffff-ffff00000061","element-6066-11e4-a52e-4f735466cecf":"00000000-0000-0182-ffff-ffff00000061"}}
[debug] [35m[AndroidUiautomator2Driver@79fa (b9364bc5)][39m Valid locator strategies for this request: xpath, id, class name, accessibility id, css selector, -android uiautomator
[debug] [35m[AndroidUiautomator2Driver@79fa (b9364bc5)][39m Waiting up to 0 ms for condition
[debug] [35m[AndroidUiautomator2Driver@79fa (b9364bc5)][39m Matched '/element' to command name 'findElement'
[debug] [35m[AndroidUiautomator2Driver@79fa (b9364bc5)][39m Proxying [POST /element] to [POST http://127.0.0.1:8200/session/dbe746fc-a0d3-45a4-9395-bba4d8bcd4b8/element] with body: {"strategy":"accessibility id","selector":"No result","context":"","multiple":false}
[debug] [35m[AndroidUiautomator2Driver@79fa (b9364bc5)][39m Responding to client with driver.findElement() result: {"element-6066-11e4-a52e-4f735466cecf":"00000000-0000-0182-ffff-ffff00000061","ELEMENT":"00000000-0000-0182-ffff-ffff00000061"}
[35m[HTTP][39m [37m<-- POST /session/b9364bc5-ce08-4d4d-b7fd-7a11071fa564/element [39m[32m200[39m [90m859 ms - 137[39m
[35m[HTTP][39m [90m[39m
[35m[HTTP][39m [37m-->[39m [37mPOST[39m [37m/session/b9364bc5-ce08-4d4d-b7fd-7a11071fa564/element/00000000-0000-0182-ffff-ffff00000061/click[39m
[35m[HTTP][39m [90m{}[39m
[debug] [35m[AndroidUiautomator2Driver@79fa (b9364bc5)][39m Calling AppiumDriver.click() with args: ["00000000-0000-0182-ffff-ffff00000061","b9364bc5-ce08-4d4d-b7fd-7a11071fa564"]
[debug] [35m[AndroidUiautomator2Driver@79fa (b9364bc5)][39m Got response with status 200: {"sessionId":"dbe746fc-a0d3-45a4-9395-bba4d8bcd4b8","value":{"ELEMENT":"00000000-0000-0182-ffff-ffff00000024","element-6066-11e4-a52e-4f735466cecf":"00000000-0000-0182-ffff-ffff00000024"}}
[debug] [35m[AndroidUiautomator2Driver@79fa (b9364bc5)][39m Matched '/element/00000000-0000-0182-ffff-ffff00000061/click' to command name 'click'
[debug] [35m[AndroidUiautomator2Driver@79fa (b9364bc5)][39m Proxying [POST /element/00000000-0000-0182-ffff-ffff00000061/click] to [POST http://127.0.0.1:8200/session/dbe746fc-a0d3-45a4-9395-bba4d8bcd4b8/element/00000000-0000-0182-ffff-ffff00000061/click] with body: {"element":"00000000-0000-0182-ffff-ffff00000061"}
[debug] [35m[AndroidUiautomator2Driver@79fa (b9364bc5)][39m Responding to client with driver.findElement() result: {"element-6066-11e4-a52e-4f735466cecf":"00000000-0000-0182-ffff-ffff00000024","ELEMENT":"00000000-0000-0182-ffff-ffff00000024"}
[35m[HTTP][39m [37m<-- POST /session/b9364bc5-ce08-4d4d-b7fd-7a11071fa564/element [39m[32m200[39m [90m1245 ms - 137[39m
[35m[HTTP][39m [90m[39m
[debug] [35m[AndroidUiautomator2Driver@79fa (b9364bc5)][39m Got response with status 200: {"sessionId":"dbe746fc-a0d3-45a4-9395-bba4d8bcd4b8","value":null}
[debug] [35m[AndroidUiautomator2Driver@79fa (b9364bc5)][39m Responding to client with driver.click() result: null
[35m[HTTP][39m [37m<-- POST /session/b9364bc5-ce08-4d4d-b7fd-7a11071fa564/element/00000000-0000-0182-ffff-ffff00000061/click [39m[32m200[39m [90m1350 ms - 14[39m
[35m[HTTP][39m [90m[39m
[35m[HTTP][39m [37m-->[39m [37mPOST[39m [37m/session/b9364bc5-ce08-4d4d-b7fd-7a11071fa564/element[39m
[35m[HTTP][39m [90m{"using":"xpath","value":"//android.widget.ImageButton[@content-desc='5']"}[39m
[debug] [35m[AndroidUiautomator2Driver@79fa (b9364bc5)][39m Calling AppiumDriver.findElement() with args: ["xpath","//android.widget.ImageButton[@content-desc='5']","b9364bc5-ce08-4d4d-b7fd-7a11071fa564"]
[debug] [35m[AndroidUiautomator2Driver@79fa (b9364bc5)][39m Valid locator strategies for this request: xpath, id, class name, accessibility id, css selector, -android uiautomator
[debug] [35m[AndroidUiautomator2Driver@79fa (b9364bc5)][39m Waiting up to 0 ms for condition
[debug] [35m[AndroidUiautomator2Driver@79fa (b9364bc5)][39m Matched '/element' to command name 'findElement'
[debug] [35m[AndroidUiautomator2Driver@79fa (b9364bc5)][39m Proxying [POST /element] to [POST http://127.0.0.1:8200/session/dbe746fc-a0d3-45a4-9395-bba4d8bcd4b8/element] with body: {"strategy":"xpath","selector":"//android.widget.ImageButton[@content-desc='5']","context":"","multiple":false}
[debug] [35m[AndroidUiautomator2Driver@79fa (b9364bc5)][39m Got response with status 200: {"sessionId":"dbe746fc-a0d3-45a4-9395-bba4d8bcd4b8","value":{"ELEMENT":"00000000-0000-0182-ffff-ffff0000005e","element-6066-11e4-a52e-4f735466cecf":"00000000-0000-0182-ffff-ffff0000005e"}}
[debug] [35m[AndroidUiautomator2Driver@79fa (b9364bc5)][39m Responding to client with driver.findElement() result: {"element-6066-11e4-a52e-4f735466cecf":"00000000-0000-0182-ffff-ffff0000005e","ELEMENT":"00000000-0000-0182-ffff-ffff0000005e"}
[35m[HTTP][39m [37m<-- POST /session/b9364bc5-ce08-4d4d-b7fd-7a11071fa564/element [39m[32m200[39m [90m171 ms - 137[39m
[35m[HTTP][39m [90m[39m
[35m[HTTP][39m [37m-->[39m [37mPOST[39m [37m/session/b9364bc5-ce08-4d4d-b7fd-7a11071fa564/element/00000000-0000-0182-ffff-ffff0000005e/click[39m
[35m[HTTP][39m [90m{}[39m
[debug] [35m[AndroidUiautomator2Driver@79fa (b9364bc5)][39m Calling AppiumDriver.click() with args: ["00000000-0000-0182-ffff-ffff0000005e","b9364bc5-ce08-4d4d-b7fd-7a11071fa564"]
[debug] [35m[AndroidUiautomator2Driver@79fa (b9364bc5)][39m Matched '/element/00000000-0000-0182-ffff-ffff0000005e/click' to command name 'click'
[debug] [35m[AndroidUiautomator2Driver@79fa (b9364bc5)][39m Proxying [POST /element/00000000-0000-0182-ffff-ffff0000005e/click] to [POST http://127.0.0.1:8200/session/dbe746fc-a0d3-45a4-9395-bba4d8bcd4b8/element/00000000-0000-0182-ffff-ffff0000005e/click] with body: {"element":"00000000-0000-0182-ffff-ffff0000005e"}
[debug] [35m[AndroidUiautomator2Driver@79fa (b9364bc5)][39m Got response with status 200: {"sessionId":"dbe746fc-a0d3-45a4-9395-bba4d8bcd4b8","value":null}
[debug] [35m[AndroidUiautomator2Driver@79fa (b9364bc5)][39m Responding to client with driver.click() result: null
[35m[HTTP][39m [37m<-- POST /session/b9364bc5-ce08-4d4d-b7fd-7a11071fa564/element/00000000-0000-0182-ffff-ffff0000005e/click [39m[32m200[39m [90m1809 ms - 14[39m
[35m[HTTP][39m [90m[39m
[35m[HTTP][39m [37m-->[39m [37mPOST[39m [37m/session/b9364bc5-ce08-4d4d-b7fd-7a11071fa564/element[39m
[35m[HTTP][39m [90m{"using":"xpath","value":"//android.widget.ImageButton[@content-desc='6']"}[39m
[debug] [35m[AndroidUiautomator2Driver@79fa (b9364bc5)][39m Calling AppiumDriver.findElement() with args: ["xpath","//android.widget.ImageButton[@content-desc='6']","b9364bc5-ce08-4d4d-b7fd-7a11071fa564"]
[debug] [35m[AndroidUiautomator2Driver@79fa (b9364bc5)][39m Valid locator strategies for this request: xpath, id, class name, accessibility id, css selector, -android uiautomator
[debug] [35m[AndroidUiautomator2Driver@79fa (b9364bc5)][39m Waiting up to 0 ms for condition
[debug] [35m[AndroidUiautomator2Driver@79fa (b9364bc5)][39m Matched '/element' to command name 'findElement'
[debug] [35m[AndroidUiautomator2Driver@79fa (b9364bc5)][39m Proxying [POST /element] to [POST http://127.0.0.1:8200/session/dbe746fc-a0d3-45a4-9395-bba4d8bcd4b8/element] with body: {"strategy":"xpath","selector":"//android.widget.ImageButton[@content-desc='6']","context":"","multiple":false}
[debug] [35m[AndroidUiautomator2Driver@79fa (b9364bc5)][39m Got response with status 200: {"sessionId":"dbe746fc-a0d3-45a4-9395-bba4d8bcd4b8","value":{"ELEMENT":"00000000-0000-0182-ffff-ffff0000005f","element-6066-11e4-a52e-4f735466cecf":"00000000-0000-0182-ffff-ffff0000005f"}}
[debug] [35m[AndroidUiautomator2Driver@79fa (b9364bc5)][39m Responding to client with driver.findElement() result: {"element-6066-11e4-a52e-4f735466cecf":"00000000-0000-0182-ffff-ffff0000005f","ELEMENT":"00000000-0000-0182-ffff-ffff0000005f"}
[35m[HTTP][39m [37m<-- POST /session/b9364bc5-ce08-4d4d-b7fd-7a11071fa564/element [39m[32m200[39m [90m137 ms - 137[39m
[35m[HTTP][39m [90m[39m
[35m[HTTP][39m [37m-->[39m [37mPOST[39m [37m/session/b9364bc5-ce08-4d4d-b7fd-7a11071fa564/element/00000000-0000-0182-ffff-ffff0000005f/click[39m
[35m[HTTP][39m [90m{}[39m
[debug] [35m[AndroidUiautomator2Driver@79fa (b9364bc5)][39m Calling AppiumDriver.click() with args: ["00000000-0000-0182-ffff-ffff0000005f","b9364bc5-ce08-4d4d-b7fd-7a11071fa564"]
[debug] [35m[AndroidUiautomator2Driver@79fa (b9364bc5)][39m Matched '/element/00000000-0000-0182-ffff-ffff0000005f/click' to command name 'click'
[debug] [35m[AndroidUiautomator2Driver@79fa (b9364bc5)][39m Proxying [POST /element/00000000-0000-0182-ffff-ffff0000005f/click] to [POST http://127.0.0.1:8200/session/dbe746fc-a0d3-45a4-9395-bba4d8bcd4b8/element/00000000-0000-0182-ffff-ffff0000005f/click] with body: {"element":"00000000-0000-0182-ffff-ffff0000005f"}
[debug] [35m[AndroidUiautomator2Driver@79fa (b9364bc5)][39m Got response with status 200: {"sessionId":"dbe746fc-a0d3-45a4-9395-bba4d8bcd4b8","value":null}
[debug] [35m[AndroidUiautomator2Driver@79fa (b9364bc5)][39m Responding to client with driver.click() result: null
[35m[HTTP][39m [37m<-- POST /session/b9364bc5-ce08-4d4d-b7fd-7a11071fa564/element/00000000-0000-0182-ffff-ffff0000005f/click [39m[32m200[39m [90m848 ms - 14[39m
[35m[HTTP][39m [90m[39m
[35m[HTTP][39m [37m-->[39m [37mPOST[39m [37m/session/b9364bc5-ce08-4d4d-b7fd-7a11071fa564/element[39m
[35m[HTTP][39m [90m{"using":"accessibility id","value":"plus"}[39m
[debug] [35m[AndroidUiautomator2Driver@79fa (b9364bc5)][39m Calling AppiumDriver.findElement() with args: ["accessibility id","plus","b9364bc5-ce08-4d4d-b7fd-7a11071fa564"]
[debug] [35m[AndroidUiautomator2Driver@79fa (b9364bc5)][39m Valid locator strategies for this request: xpath, id, class name, accessibility id, css selector, -android uiautomator
[debug] [35m[AndroidUiautomator2Driver@79fa (b9364bc5)][39m Waiting up to 0 ms for condition
[debug] [35m[AndroidUiautomator2Driver@79fa (b9364bc5)][39m Matched '/element' to command name 'findElement'
[debug] [35m[AndroidUiautomator2Driver@79fa (b9364bc5)][39m Proxying [POST /element] to [POST http://127.0.0.1:8200/session/dbe746fc-a0d3-45a4-9395-bba4d8bcd4b8/element] with body: {"strategy":"accessibility id","selector":"plus","context":"","multiple":false}
[debug] [35m[AndroidUiautomator2Driver@79fa (b9364bc5)][39m Got response with status 200: {"sessionId":"dbe746fc-a0d3-45a4-9395-bba4d8bcd4b8","value":{"ELEMENT":"00000000-0000-0182-ffff-ffff00000064","element-6066-11e4-a52e-4f735466cecf":"00000000-0000-0182-ffff-ffff00000064"}}
[debug] [35m[AndroidUiautomator2Driver@79fa (b9364bc5)][39m Responding to client with driver.findElement() result: {"element-6066-11e4-a52e-4f735466cecf":"00000000-0000-0182-ffff-ffff00000064","ELEMENT":"00000000-0000-0182-ffff-ffff00000064"}
[35m[HTTP][39m [37m<-- POST /session/b9364bc5-ce08-4d4d-b7fd-7a11071fa564/element [39m[32m200[39m [90m77 ms - 137[39m
[35m[HTTP][39m [90m[39m
[35m[HTTP][39m [37m-->[39m [37mPOST[39m [37m/session/b9364bc5-ce08-4d4d-b7fd-7a11071fa564/element/00000000-0000-0182-ffff-ffff00000064/click[39m
[35m[HTTP][39m [90m{}[39m
[debug] [35m[AndroidUiautomator2Driver@79fa (b9364bc5)][39m Calling AppiumDriver.click() with args: ["00000000-0000-0182-ffff-ffff00000064","b9364bc5-ce08-4d4d-b7fd-7a11071fa564"]
[debug] [35m[AndroidUiautomator2Driver@79fa (b9364bc5)][39m Matched '/element/00000000-0000-0182-ffff-ffff00000064/click' to command name 'click'
[debug] [35m[AndroidUiautomator2Driver@79fa (b9364bc5)][39m Proxying [POST /element/00000000-0000-0182-ffff-ffff00000064/click] to [POST http://127.0.0.1:8200/session/dbe746fc-a0d3-45a4-9395-bba4d8bcd4b8/element/00000000-0000-0182-ffff-ffff00000064/click] with body: {"element":"00000000-0000-0182-ffff-ffff00000064"}
[debug] [35m[AndroidUiautomator2Driver@79fa (b9364bc5)][39m Got response with status 200: {"sessionId":"dbe746fc-a0d3-45a4-9395-bba4d8bcd4b8","value":null}
[debug] [35m[AndroidUiautomator2Driver@79fa (b9364bc5)][39m Responding to client with driver.click() result: null
[35m[HTTP][39m [37m<-- POST /session/b9364bc5-ce08-4d4d-b7fd-7a11071fa564/element/00000000-0000-0182-ffff-ffff00000064/click [39m[32m200[39m [90m913 ms - 14[39m
[35m[HTTP][39m [90m[39m
[35m[HTTP][39m [37m-->[39m [37mPOST[39m [37m/session/b9364bc5-ce08-4d4d-b7fd-7a11071fa564/element[39m
[35m[HTTP][39m [90m{"using":"xpath","value":"//android.widget.ImageButton[@content-desc='6']"}[39m
[debug] [35m[AndroidUiautomator2Driver@79fa (b9364bc5)][39m Calling AppiumDriver.findElement() with args: ["xpath","//android.widget.ImageButton[@content-desc='6']","b9364bc5-ce08-4d4d-b7fd-7a11071fa564"]
[debug] [35m[AndroidUiautomator2Driver@79fa (b9364bc5)][39m Valid locator strategies for this request: xpath, id, class name, accessibility id, css selector, -android uiautomator
[debug] [35m[AndroidUiautomator2Driver@79fa (b9364bc5)][39m Waiting up to 0 ms for condition
[debug] [35m[AndroidUiautomator2Driver@79fa (b9364bc5)][39m Matched '/element' to command name 'findElement'
[debug] [35m[AndroidUiautomator2Driver@79fa (b9364bc5)][39m Proxying [POST /element] to [POST http://127.0.0.1:8200/session/dbe746fc-a0d3-45a4-9395-bba4d8bcd4b8/element] with body: {"strategy":"xpath","selector":"//android.widget.ImageButton[@content-desc='6']","context":"","multiple":false}
[debug] [35m[AndroidUiautomator2Driver@79fa (b9364bc5)][39m Got response with status 200: {"sessionId":"dbe746fc-a0d3-45a4-9395-bba4d8bcd4b8","value":{"ELEMENT":"00000000-0000-0182-ffff-ffff0000005f","element-6066-11e4-a52e-4f735466cecf":"00000000-0000-0182-ffff-ffff0000005f"}}
[debug] [35m[AndroidUiautomator2Driver@79fa (b9364bc5)][39m Responding to client with driver.findElement() result: {"element-6066-11e4-a52e-4f735466cecf":"00000000-0000-0182-ffff-ffff0000005f","ELEMENT":"00000000-0000-0182-ffff-ffff0000005f"}
[35m[HTTP][39m [37m<-- POST /session/b9364bc5-ce08-4d4d-b7fd-7a11071fa564/element [39m[32m200[39m [90m142 ms - 137[39m
[35m[HTTP][39m [90m[39m
[35m[HTTP][39m [37m-->[39m [37mPOST[39m [37m/session/b9364bc5-ce08-4d4d-b7fd-7a11071fa564/element/00000000-0000-0182-ffff-ffff0000005f/click[39m
[35m[HTTP][39m [90m{}[39m
[debug] [35m[AndroidUiautomator2Driver@79fa (b9364bc5)][39m Calling AppiumDriver.click() with args: ["00000000-0000-0182-ffff-ffff0000005f","b9364bc5-ce08-4d4d-b7fd-7a11071fa564"]
[debug] [35m[AndroidUiautomator2Driver@79fa (b9364bc5)][39m Matched '/element/00000000-0000-0182-ffff-ffff0000005f/click' to command name 'click'
[debug] [35m[AndroidUiautomator2Driver@79fa (b9364bc5)][39m Proxying [POST /element/00000000-0000-0182-ffff-ffff0000005f/click] to [POST http://127.0.0.1:8200/session/dbe746fc-a0d3-45a4-9395-bba4d8bcd4b8/element/00000000-0000-0182-ffff-ffff0000005f/click] with body: {"element":"00000000-0000-0182-ffff-ffff0000005f"}
[debug] [35m[AndroidUiautomator2Driver@79fa (b9364bc5)][39m Got response with status 200: {"sessionId":"dbe746fc-a0d3-45a4-9395-bba4d8bcd4b8","value":null}
[debug] [35m[AndroidUiautomator2Driver@79fa (b9364bc5)][39m Responding to client with driver.click() result: null
[35m[HTTP][39m [37m<-- POST /session/b9364bc5-ce08-4d4d-b7fd-7a11071fa564/element/00000000-0000-0182-ffff-ffff0000005f/click [39m[32m200[39m [90m1842 ms - 14[39m
[35m[HTTP][39m [90m[39m
[35m[HTTP][39m [37m-->[39m [37mPOST[39m [37m/session/b9364bc5-ce08-4d4d-b7fd-7a11071fa564/element[39m
[35m[HTTP][39m [90m{"using":"xpath","value":"//android.widget.ImageButton[@content-desc='5']"}[39m
[debug] [35m[AndroidUiautomator2Driver@79fa (b9364bc5)][39m Calling AppiumDriver.findElement() with args: ["xpath","//android.widget.ImageButton[@content-desc='5']","b9364bc5-ce08-4d4d-b7fd-7a11071fa564"]
[debug] [35m[AndroidUiautomator2Driver@79fa (b9364bc5)][39m Valid locator strategies for this request: xpath, id, class name, accessibility id, css selector, -android uiautomator
[debug] [35m[AndroidUiautomator2Driver@79fa (b9364bc5)][39m Waiting up to 0 ms for condition
[debug] [35m[AndroidUiautomator2Driver@79fa (b9364bc5)][39m Matched '/element' to command name 'findElement'
[debug] [35m[AndroidUiautomator2Driver@79fa (b9364bc5)][39m Proxying [POST /element] to [POST http://127.0.0.1:8200/session/dbe746fc-a0d3-45a4-9395-bba4d8bcd4b8/element] with body: {"strategy":"xpath","selector":"//android.widget.ImageButton[@content-desc='5']","context":"","multiple":false}
[debug] [35m[AndroidUiautomator2Driver@79fa (b9364bc5)][39m Got response with status 200: {"sessionId":"dbe746fc-a0d3-45a4-9395-bba4d8bcd4b8","value":{"ELEMENT":"00000000-0000-0182-ffff-ffff0000005e","element-6066-11e4-a52e-4f735466cecf":"00000000-0000-0182-ffff-ffff0000005e"}}
[debug] [35m[AndroidUiautomator2Driver@79fa (b9364bc5)][39m Responding to client with driver.findElement() result: {"element-6066-11e4-a52e-4f735466cecf":"00000000-0000-0182-ffff-ffff0000005e","ELEMENT":"00000000-0000-0182-ffff-ffff0000005e"}
[35m[HTTP][39m [37m<-- POST /session/b9364bc5-ce08-4d4d-b7fd-7a11071fa564/element [39m[32m200[39m [90m103 ms - 137[39m
[35m[HTTP][39m [90m[39m
[35m[HTTP][39m [37m-->[39m [37mPOST[39m [37m/session/b9364bc5-ce08-4d4d-b7fd-7a11071fa564/element/00000000-0000-0182-ffff-ffff0000005e/click[39m
[35m[HTTP][39m [90m{}[39m
[debug] [35m[AndroidUiautomator2Driver@79fa (b9364bc5)][39m Calling AppiumDriver.click() with args: ["00000000-0000-0182-ffff-ffff0000005e","b9364bc5-ce08-4d4d-b7fd-7a11071fa564"]
[debug] [35m[AndroidUiautomator2Driver@79fa (b9364bc5)][39m Matched '/element/00000000-0000-0182-ffff-ffff0000005e/click' to command name 'click'
[debug] [35m[AndroidUiautomator2Driver@79fa (b9364bc5)][39m Proxying [POST /element/00000000-0000-0182-ffff-ffff0000005e/click] to [POST http://127.0.0.1:8200/session/dbe746fc-a0d3-45a4-9395-bba4d8bcd4b8/element/00000000-0000-0182-ffff-ffff0000005e/click] with body: {"element":"00000000-0000-0182-ffff-ffff0000005e"}
[debug] [35m[AndroidUiautomator2Driver@79fa (b9364bc5)][39m Got response with status 200: {"sessionId":"dbe746fc-a0d3-45a4-9395-bba4d8bcd4b8","value":null}
[debug] [35m[AndroidUiautomator2Driver@79fa (b9364bc5)][39m Responding to client with driver.click() result: null
[35m[HTTP][39m [37m<-- POST /session/b9364bc5-ce08-4d4d-b7fd-7a11071fa564/element/00000000-0000-0182-ffff-ffff0000005e/click [39m[32m200[39m [90m885 ms - 14[39m
[35m[HTTP][39m [90m[39m
[35m[HTTP][39m [37m-->[39m [37mPOST[39m [37m/session/b9364bc5-ce08-4d4d-b7fd-7a11071fa564/element[39m
[35m[HTTP][39m [90m{"using":"xpath","value":"//android.widget.ImageButton[@content-desc='1']"}[39m
[debug] [35m[AndroidUiautomator2Driver@79fa (b9364bc5)][39m Calling AppiumDriver.findElement() with args: ["xpath","//android.widget.ImageButton[@content-desc='1']","b9364bc5-ce08-4d4d-b7fd-7a11071fa564"]
[debug] [35m[AndroidUiautomator2Driver@79fa (b9364bc5)][39m Valid locator strategies for this request: xpath, id, class name, accessibility id, css selector, -android uiautomator
[debug] [35m[AndroidUiautomator2Driver@79fa (b9364bc5)][39m Waiting up to 0 ms for condition
[debug] [35m[AndroidUiautomator2Driver@79fa (b9364bc5)][39m Matched '/element' to command name 'findElement'
[debug] [35m[AndroidUiautomator2Driver@79fa (b9364bc5)][39m Proxying [POST /element] to [POST http://127.0.0.1:8200/session/dbe746fc-a0d3-45a4-9395-bba4d8bcd4b8/element] with body: {"strategy":"xpath","selector":"//android.widget.ImageButton[@content-desc='1']","context":"","multiple":false}
[debug] [35m[AndroidUiautomator2Driver@79fa (b9364bc5)][39m Got response with status 200: {"sessionId":"dbe746fc-a0d3-45a4-9395-bba4d8bcd4b8","value":{"ELEMENT":"00000000-0000-0182-ffff-ffff00000061","element-6066-11e4-a52e-4f735466cecf":"00000000-0000-0182-ffff-ffff00000061"}}
[debug] [35m[AndroidUiautomator2Driver@79fa (b9364bc5)][39m Responding to client with driver.findElement() result: {"element-6066-11e4-a52e-4f735466cecf":"00000000-0000-0182-ffff-ffff00000061","ELEMENT":"00000000-0000-0182-ffff-ffff00000061"}
[35m[HTTP][39m [37m<-- POST /session/b9364bc5-ce08-4d4d-b7fd-7a11071fa564/element [39m[32m200[39m [90m135 ms - 137[39m
[35m[HTTP][39m [90m[39m
[35m[HTTP][39m [37m-->[39m [37mPOST[39m [37m/session/b9364bc5-ce08-4d4d-b7fd-7a11071fa564/element/00000000-0000-0182-ffff-ffff00000061/click[39m
[35m[HTTP][39m [90m{}[39m
[debug] [35m[AndroidUiautomator2Driver@79fa (b9364bc5)][39m Calling AppiumDriver.click() with args: ["00000000-0000-0182-ffff-ffff00000061","b9364bc5-ce08-4d4d-b7fd-7a11071fa564"]
[debug] [35m[AndroidUiautomator2Driver@79fa (b9364bc5)][39m Matched '/element/00000000-0000-0182-ffff-ffff00000061/click' to command name 'click'
[debug] [35m[AndroidUiautomator2Driver@79fa (b9364bc5)][39m Proxying [POST /element/00000000-0000-0182-ffff-ffff00000061/click] to [POST http://127.0.0.1:8200/session/dbe746fc-a0d3-45a4-9395-bba4d8bcd4b8/element/00000000-0000-0182-ffff-ffff00000061/click] with body: {"element":"00000000-0000-0182-ffff-ffff00000061"}
[debug] [35m[AndroidUiautomator2Driver@79fa (b9364bc5)][39m Got response with status 200: {"sessionId":"dbe746fc-a0d3-45a4-9395-bba4d8bcd4b8","value":null}
[debug] [35m[AndroidUiautomator2Driver@79fa (b9364bc5)][39m Responding to client with driver.click() result: null
[35m[HTTP][39m [37m<-- POST /session/b9364bc5-ce08-4d4d-b7fd-7a11071fa564/element/00000000-0000-0182-ffff-ffff00000061/click [39m[32m200[39m [90m828 ms - 14[39m
[35m[HTTP][39m [90m[39m
[35m[HTTP][39m [37m-->[39m [37mGET[39m [37m/session/b9364bc5-ce08-4d4d-b7fd-7a11071fa564/element/00000000-0000-0182-ffff-ffff00000024/text[39m
[35m[HTTP][39m [90m{}[39m
[35m[AndroidUiautomator2Driver@79fa (b9364bc5)][39m Driver proxy active, passing request on via HTTP proxy
[debug] [35m[AndroidUiautomator2Driver@79fa (b9364bc5)][39m Matched '/session/b9364bc5-ce08-4d4d-b7fd-7a11071fa564/element/00000000-0000-0182-ffff-ffff00000024/text' to command name 'getText'
[debug] [35m[AndroidUiautomator2Driver@79fa (b9364bc5)][39m Proxying [GET /session/b9364bc5-ce08-4d4d-b7fd-7a11071fa564/element/00000000-0000-0182-ffff-ffff00000024/text] to [GET http://127.0.0.1:8200/session/dbe746fc-a0d3-45a4-9395-bba4d8bcd4b8/element/00000000-0000-0182-ffff-ffff00000024/text] with no body
[debug] [35m[AndroidUiautomator2Driver@79fa (b9364bc5)][39m Got response with status 200: {"sessionId":"dbe746fc-a0d3-45a4-9395-bba4d8bcd4b8","value":"807"}
[35m[AndroidUiautomator2Driver@79fa (b9364bc5)][39m Replacing sessionId dbe746fc-a0d3-45a4-9395-bba4d8bcd4b8 with b9364bc5-ce08-4d4d-b7fd-7a11071fa564
[35m[HTTP][39m [37m<-- GET /session/b9364bc5-ce08-4d4d-b7fd-7a11071fa564/element/00000000-0000-0182-ffff-ffff00000024/text [39m[32m200[39m [90m40 ms - 66[39m
[35m[HTTP][39m [90m[39m
[35m[HTTP][39m [37m-->[39m [37mDELETE[39m [37m/session/b9364bc5-ce08-4d4d-b7fd-7a11071fa564[39m
[35m[HTTP][39m [90m{}[39m
[debug] [35m[AndroidUiautomator2Driver@79fa (b9364bc5)][39m Calling AppiumDriver.deleteSession() with args: ["b9364bc5-ce08-4d4d-b7fd-7a11071fa564"]
[debug] [35m[AppiumDriver@b2b8][39m Event 'quitSessionRequested' logged at 1667798596989 (00:23:16 GMT-0500 (Eastern Standard Time))
[35m[AppiumDriver@b2b8][39m Removing session b9364bc5-ce08-4d4d-b7fd-7a11071fa564 from our master session list
[debug] [35m[AndroidUiautomator2Driver@79fa (b9364bc5)][39m Deleting UiAutomator2 session
[debug] [35m[AndroidUiautomator2Driver@79fa (b9364bc5)][39m Deleting UiAutomator2 server session
[debug] [35m[AndroidUiautomator2Driver@79fa (b9364bc5)][39m Matched '/' to command name 'deleteSession'
[debug] [35m[AndroidUiautomator2Driver@79fa (b9364bc5)][39m Proxying [DELETE /] to [DELETE http://127.0.0.1:8200/session/dbe746fc-a0d3-45a4-9395-bba4d8bcd4b8] with no body
[debug] [35m[AndroidUiautomator2Driver@79fa (b9364bc5)][39m Got response with status 200: {"sessionId":"dbe746fc-a0d3-45a4-9395-bba4d8bcd4b8","value":null}
[debug] [35m[ADB][39m Running 'C:\Users\Ganesh\AppData\Local\Android\Sdk\platform-tools\adb.exe -P 5037 -s 1973df1 shell dumpsys activity services io.appium.settings/.recorder.RecorderService'
[debug] [35m[ADB][39m Running 'C:\Users\Ganesh\AppData\Local\Android\Sdk\platform-tools\adb.exe -P 5037 -s 1973df1 shell am force-stop com.google.android.calculator'
[debug] [35m[Logcat][39m Stopping logcat capture
[debug] [35m[ADB][39m Removing forwarded port socket connection: 8200 
[debug] [35m[ADB][39m Running 'C:\Users\Ganesh\AppData\Local\Android\Sdk\platform-tools\adb.exe -P 5037 -s 1973df1 forward --remove tcp:8200'
[debug] [35m[Instrumentation][39m .
[35m[AndroidUiautomator2Driver@79fa (b9364bc5)][39m Restoring hidden api policy to the device default configuration
[debug] [35m[ADB][39m Running 'C:\Users\Ganesh\AppData\Local\Android\Sdk\platform-tools\adb.exe -P 5037 -s 1973df1 shell 'settings delete global hidden_api_policy_pre_p_apps;settings delete global hidden_api_policy_p_apps;settings delete global hidden_api_policy''
[debug] [35m[Instrumentation][39m Time: 14.058
[debug] [35m[Instrumentation][39m 
[debug] [35m[Instrumentation][39m OK (1 test)
[debug] [35m[AppiumDriver@b2b8][39m Event 'quitSessionFinished' logged at 1667798597625 (00:23:17 GMT-0500 (Eastern Standard Time))
[debug] [35m[AppiumDriver@b2b8][39m Received response: null
[debug] [35m[AppiumDriver@b2b8][39m But deleting session, so not returning
[debug] [35m[AppiumDriver@b2b8][39m Responding to client with driver.deleteSession() result: null
[35m[HTTP][39m [37m<-- DELETE /session/b9364bc5-ce08-4d4d-b7fd-7a11071fa564 [39m[32m200[39m [90m638 ms - 14[39m
[35m[HTTP][39m [90m[39m
[debug] [35m[Instrumentation][39m The process has exited with code 0
